C:\USERS\USER\DESKTOP\DM2231_ASSIGNMENT2_140970T\BASE\DEBUG\APPLICATION.OBJ
C:\USERS\USER\DESKTOP\DM2231_ASSIGNMENT2_140970T\BASE\DEBUG\BASE.EXE.INTERMEDIATE.MANIFEST
C:\Users\User\Desktop\DM2231_Assignment2_140970T\Base\Debug\Base.vcxprojResolveAssemblyReference.cache
C:\Users\User\Desktop\DM2231_Assignment2_140970T\Base\Debug\Base.write.1.tlog
C:\USERS\USER\DESKTOP\DM2231_ASSIGNMENT2_140970T\BASE\DEBUG\CAMERA.OBJ
C:\USERS\USER\DESKTOP\DM2231_ASSIGNMENT2_140970T\BASE\DEBUG\CAMERA2.OBJ
C:\USERS\USER\DESKTOP\DM2231_ASSIGNMENT2_140970T\BASE\DEBUG\CAMERA3.OBJ
C:\Users\User\Desktop\DM2231_Assignment2_140970T\Base\Debug\cl.command.1.tlog
C:\Users\User\Desktop\DM2231_Assignment2_140970T\Base\Debug\CL.read.1.tlog
C:\Users\User\Desktop\DM2231_Assignment2_140970T\Base\Debug\CL.write.1.tlog
C:\USERS\USER\DESKTOP\DM2231_ASSIGNMENT2_140970T\BASE\DEBUG\COIN.OBJ
C:\USERS\USER\DESKTOP\DM2231_ASSIGNMENT2_140970T\BASE\DEBUG\ENEMY.OBJ
C:\USERS\USER\DESKTOP\DM2231_ASSIGNMENT2_140970T\BASE\DEBUG\GOODIES.OBJ
C:\USERS\USER\DESKTOP\DM2231_ASSIGNMENT2_140970T\BASE\DEBUG\GOODIESFACTORY.OBJ
C:\USERS\USER\DESKTOP\DM2231_ASSIGNMENT2_140970T\BASE\DEBUG\HEALTH.OBJ
C:\Users\User\Desktop\DM2231_Assignment2_140970T\Base\Debug\link.command.1.tlog
C:\Users\User\Desktop\DM2231_Assignment2_140970T\Base\Debug\link.read.1.tlog
C:\Users\User\Desktop\DM2231_Assignment2_140970T\Base\Debug\link.write.1.tlog
C:\USERS\USER\DESKTOP\DM2231_ASSIGNMENT2_140970T\BASE\DEBUG\LOADOBJ.OBJ
C:\USERS\USER\DESKTOP\DM2231_ASSIGNMENT2_140970T\BASE\DEBUG\LOADTGA.OBJ
C:\USERS\USER\DESKTOP\DM2231_ASSIGNMENT2_140970T\BASE\DEBUG\MAIN.OBJ
C:\USERS\USER\DESKTOP\DM2231_ASSIGNMENT2_140970T\BASE\DEBUG\MAP.OBJ
C:\USERS\USER\DESKTOP\DM2231_ASSIGNMENT2_140970T\BASE\DEBUG\MESH.OBJ
C:\USERS\USER\DESKTOP\DM2231_ASSIGNMENT2_140970T\BASE\DEBUG\MESHBUILDER.OBJ
C:\USERS\USER\DESKTOP\DM2231_ASSIGNMENT2_140970T\BASE\DEBUG\MINIMAP.OBJ
C:\Users\User\Desktop\DM2231_Assignment2_140970T\Base\Debug\mt.command.1.tlog
C:\Users\User\Desktop\DM2231_Assignment2_140970T\Base\Debug\mt.read.1.tlog
C:\Users\User\Desktop\DM2231_Assignment2_140970T\Base\Debug\mt.write.1.tlog
C:\USERS\USER\DESKTOP\DM2231_ASSIGNMENT2_140970T\BASE\DEBUG\PLAYERINFO.OBJ
C:\USERS\USER\DESKTOP\DM2231_ASSIGNMENT2_140970T\BASE\DEBUG\SCENEBASE.OBJ
C:\USERS\USER\DESKTOP\DM2231_ASSIGNMENT2_140970T\BASE\DEBUG\SCENEMAIN.OBJ
C:\USERS\USER\DESKTOP\DM2231_ASSIGNMENT2_140970T\BASE\DEBUG\SHADER.OBJ
C:\USERS\USER\DESKTOP\DM2231_ASSIGNMENT2_140970T\BASE\DEBUG\STRATEGY.OBJ
C:\USERS\USER\DESKTOP\DM2231_ASSIGNMENT2_140970T\BASE\DEBUG\STRATEGY_KILL.OBJ
C:\USERS\USER\DESKTOP\DM2231_ASSIGNMENT2_140970T\BASE\DEBUG\STRATEGY_SAFE.OBJ
C:\USERS\USER\DESKTOP\DM2231_ASSIGNMENT2_140970T\BASE\DEBUG\UTILITY.OBJ
C:\Users\User\Desktop\DM2231_Assignment2_140970T\Base\Debug\vc100.idb
C:\USERS\USER\DESKTOP\DM2231_ASSIGNMENT2_140970T\BASE\DEBUG\VC100.PDB
C:\USERS\USER\DESKTOP\DM2231_ASSIGNMENT2_140970T\DEBUG\BASE.EXE
C:\USERS\USER\DESKTOP\DM2231_ASSIGNMENT2_140970T\DEBUG\BASE.PDB
