Build started 13/8/2015 2:20:48 PM.
     1>Project "C:\Users\User\Desktop\DM2231_Assignment2_140970T\Base\Base.vcxproj" on node 2 (build target(s)).
     1>InitializeBuildStatus:
         Creating "Release\Base.unsuccessfulbuild" because "AlwaysCreate" was specified.
       ClCompile:
         C:\Program Files (x86)\Microsoft Visual Studio 10.0\VC\bin\CL.exe /c /IC:\Users\User\Desktop\DM2231_Assignment2_140970T\/Common/Source /IC:\Users\User\Desktop\DM2231_Assignment2_140970T\/glew/include /IC:\Users\User\Desktop\DM2231_Assignment2_140970T\/glfw/include /Zi /nologo /W3 /WX- /O2 /Oi /Oy- /GL /D _VARIADIC_MAX=10 /D WIN32 /D NDEBUG /D _CONSOLE /D _UNICODE /D UNICODE /Gm- /EHsc /MD /GS /Gy /fp:precise /Zc:wchar_t /Zc:forScope /Fo"Release\\" /Fd"Release\vc100.pdb" /Gd /TP /analyze- /errorReport:prompt Source\Application.cpp Source\Camera.cpp Source\Camera2.cpp Source\Camera3.cpp Source\SceneBase.cpp Source\SceneMain.cpp Source\main.cpp
         Application.cpp
         Camera.cpp
         Camera2.cpp
         Camera3.cpp
     1>Source\Camera3.cpp(386): warning C4244: '+=' : conversion from 'const double' to 'float', possible loss of data
         SceneBase.cpp
     1>Source\SceneBase.cpp(156): warning C4244: 'argument' : conversion from 'float' to 'int', possible loss of data
     1>Source\SceneBase.cpp(156): warning C4244: 'argument' : conversion from 'float' to 'int', possible loss of data
     1>Source\SceneBase.cpp(156): warning C4244: 'argument' : conversion from 'float' to 'int', possible loss of data
     1>Source\SceneBase.cpp(156): warning C4244: 'argument' : conversion from 'float' to 'int', possible loss of data
     1>Source\SceneBase.cpp(158): warning C4244: 'argument' : conversion from 'float' to 'int', possible loss of data
     1>Source\SceneBase.cpp(158): warning C4244: 'argument' : conversion from 'float' to 'int', possible loss of data
     1>Source\SceneBase.cpp(158): warning C4244: 'argument' : conversion from 'float' to 'int', possible loss of data
     1>Source\SceneBase.cpp(158): warning C4244: 'argument' : conversion from 'float' to 'int', possible loss of data
     1>Source\SceneBase.cpp(161): warning C4244: 'argument' : conversion from 'float' to 'int', possible loss of data
     1>Source\SceneBase.cpp(161): warning C4244: 'argument' : conversion from 'float' to 'int', possible loss of data
     1>Source\SceneBase.cpp(163): warning C4244: 'argument' : conversion from 'float' to 'int', possible loss of data
     1>Source\SceneBase.cpp(163): warning C4244: 'argument' : conversion from 'float' to 'int', possible loss of data
     1>Source\SceneBase.cpp(165): warning C4244: 'argument' : conversion from 'float' to 'int', possible loss of data
     1>Source\SceneBase.cpp(165): warning C4244: 'argument' : conversion from 'float' to 'int', possible loss of data
     1>Source\SceneBase.cpp(167): warning C4244: 'argument' : conversion from 'float' to 'int', possible loss of data
     1>Source\SceneBase.cpp(167): warning C4244: 'argument' : conversion from 'float' to 'int', possible loss of data
     1>Source\SceneBase.cpp(169): warning C4244: 'argument' : conversion from 'float' to 'int', possible loss of data
     1>Source\SceneBase.cpp(169): warning C4244: 'argument' : conversion from 'float' to 'int', possible loss of data
     1>Source\SceneBase.cpp(171): warning C4244: 'argument' : conversion from 'float' to 'int', possible loss of data
     1>Source\SceneBase.cpp(171): warning C4244: 'argument' : conversion from 'float' to 'int', possible loss of data
     1>Source\SceneBase.cpp(174): warning C4244: 'argument' : conversion from 'float' to 'int', possible loss of data
     1>Source\SceneBase.cpp(174): warning C4244: 'argument' : conversion from 'float' to 'int', possible loss of data
     1>Source\SceneBase.cpp(176): warning C4244: 'argument' : conversion from 'float' to 'int', possible loss of data
     1>Source\SceneBase.cpp(176): warning C4244: 'argument' : conversion from 'float' to 'int', possible loss of data
     1>Source\SceneBase.cpp(178): warning C4244: 'argument' : conversion from 'float' to 'int', possible loss of data
     1>Source\SceneBase.cpp(178): warning C4244: 'argument' : conversion from 'float' to 'int', possible loss of data
     1>Source\SceneBase.cpp(180): warning C4244: 'argument' : conversion from 'float' to 'int', possible loss of data
     1>Source\SceneBase.cpp(180): warning C4244: 'argument' : conversion from 'float' to 'int', possible loss of data
     1>Source\SceneBase.cpp(182): warning C4244: 'argument' : conversion from 'float' to 'int', possible loss of data
     1>Source\SceneBase.cpp(182): warning C4244: 'argument' : conversion from 'float' to 'int', possible loss of data
     1>Source\SceneBase.cpp(184): warning C4244: 'argument' : conversion from 'float' to 'int', possible loss of data
     1>Source\SceneBase.cpp(184): warning C4244: 'argument' : conversion from 'float' to 'int', possible loss of data
     1>Source\SceneBase.cpp(187): warning C4244: 'argument' : conversion from 'float' to 'int', possible loss of data
     1>Source\SceneBase.cpp(187): warning C4244: 'argument' : conversion from 'float' to 'int', possible loss of data
     1>Source\SceneBase.cpp(189): warning C4244: 'argument' : conversion from 'float' to 'int', possible loss of data
     1>Source\SceneBase.cpp(189): warning C4244: 'argument' : conversion from 'float' to 'int', possible loss of data
     1>Source\SceneBase.cpp(191): warning C4244: 'argument' : conversion from 'float' to 'int', possible loss of data
     1>Source\SceneBase.cpp(191): warning C4244: 'argument' : conversion from 'float' to 'int', possible loss of data
     1>Source\SceneBase.cpp(193): warning C4244: 'argument' : conversion from 'float' to 'int', possible loss of data
     1>Source\SceneBase.cpp(193): warning C4244: 'argument' : conversion from 'float' to 'int', possible loss of data
     1>Source\SceneBase.cpp(195): warning C4244: 'argument' : conversion from 'float' to 'int', possible loss of data
     1>Source\SceneBase.cpp(195): warning C4244: 'argument' : conversion from 'float' to 'int', possible loss of data
     1>Source\SceneBase.cpp(197): warning C4244: 'argument' : conversion from 'float' to 'int', possible loss of data
     1>Source\SceneBase.cpp(197): warning C4244: 'argument' : conversion from 'float' to 'int', possible loss of data
     1>Source\SceneBase.cpp(200): warning C4244: 'argument' : conversion from 'float' to 'int', possible loss of data
     1>Source\SceneBase.cpp(200): warning C4244: 'argument' : conversion from 'float' to 'int', possible loss of data
     1>Source\SceneBase.cpp(200): warning C4244: 'argument' : conversion from 'float' to 'int', possible loss of data
     1>Source\SceneBase.cpp(200): warning C4244: 'argument' : conversion from 'float' to 'int', possible loss of data
     1>Source\SceneBase.cpp(202): warning C4244: 'argument' : conversion from 'float' to 'int', possible loss of data
     1>Source\SceneBase.cpp(202): warning C4244: 'argument' : conversion from 'float' to 'int', possible loss of data
     1>Source\SceneBase.cpp(202): warning C4244: 'argument' : conversion from 'float' to 'int', possible loss of data
     1>Source\SceneBase.cpp(202): warning C4244: 'argument' : conversion from 'float' to 'int', possible loss of data
     1>Source\SceneBase.cpp(204): warning C4244: 'argument' : conversion from 'float' to 'int', possible loss of data
     1>Source\SceneBase.cpp(204): warning C4244: 'argument' : conversion from 'float' to 'int', possible loss of data
     1>Source\SceneBase.cpp(204): warning C4244: 'argument' : conversion from 'float' to 'int', possible loss of data
     1>Source\SceneBase.cpp(204): warning C4244: 'argument' : conversion from 'float' to 'int', possible loss of data
     1>Source\SceneBase.cpp(206): warning C4244: 'argument' : conversion from 'float' to 'int', possible loss of data
     1>Source\SceneBase.cpp(206): warning C4244: 'argument' : conversion from 'float' to 'int', possible loss of data
     1>Source\SceneBase.cpp(206): warning C4244: 'argument' : conversion from 'float' to 'int', possible loss of data
     1>Source\SceneBase.cpp(206): warning C4244: 'argument' : conversion from 'float' to 'int', possible loss of data
     1>Source\SceneBase.cpp(208): warning C4244: 'argument' : conversion from 'float' to 'int', possible loss of data
     1>Source\SceneBase.cpp(208): warning C4244: 'argument' : conversion from 'float' to 'int', possible loss of data
     1>Source\SceneBase.cpp(208): warning C4244: 'argument' : conversion from 'float' to 'int', possible loss of data
     1>Source\SceneBase.cpp(208): warning C4244: 'argument' : conversion from 'float' to 'int', possible loss of data
     1>Source\SceneBase.cpp(210): warning C4244: 'argument' : conversion from 'float' to 'int', possible loss of data
     1>Source\SceneBase.cpp(210): warning C4244: 'argument' : conversion from 'float' to 'int', possible loss of data
     1>Source\SceneBase.cpp(210): warning C4244: 'argument' : conversion from 'float' to 'int', possible loss of data
     1>Source\SceneBase.cpp(210): warning C4244: 'argument' : conversion from 'float' to 'int', possible loss of data
     1>Source\SceneBase.cpp(212): warning C4244: 'argument' : conversion from 'float' to 'int', possible loss of data
     1>Source\SceneBase.cpp(212): warning C4244: 'argument' : conversion from 'float' to 'int', possible loss of data
     1>Source\SceneBase.cpp(212): warning C4244: 'argument' : conversion from 'float' to 'int', possible loss of data
     1>Source\SceneBase.cpp(212): warning C4244: 'argument' : conversion from 'float' to 'int', possible loss of data
     1>Source\SceneBase.cpp(215): warning C4244: 'argument' : conversion from 'float' to 'int', possible loss of data
     1>Source\SceneBase.cpp(215): warning C4244: 'argument' : conversion from 'float' to 'int', possible loss of data
     1>Source\SceneBase.cpp(215): warning C4244: 'argument' : conversion from 'float' to 'int', possible loss of data
     1>Source\SceneBase.cpp(215): warning C4244: 'argument' : conversion from 'float' to 'int', possible loss of data
     1>Source\SceneBase.cpp(217): warning C4244: 'argument' : conversion from 'float' to 'int', possible loss of data
     1>Source\SceneBase.cpp(217): warning C4244: 'argument' : conversion from 'float' to 'int', possible loss of data
     1>Source\SceneBase.cpp(217): warning C4244: 'argument' : conversion from 'float' to 'int', possible loss of data
     1>Source\SceneBase.cpp(217): warning C4244: 'argument' : conversion from 'float' to 'int', possible loss of data
     1>Source\SceneBase.cpp(219): warning C4244: 'argument' : conversion from 'float' to 'int', possible loss of data
     1>Source\SceneBase.cpp(219): warning C4244: 'argument' : conversion from 'float' to 'int', possible loss of data
     1>Source\SceneBase.cpp(219): warning C4244: 'argument' : conversion from 'float' to 'int', possible loss of data
     1>Source\SceneBase.cpp(219): warning C4244: 'argument' : conversion from 'float' to 'int', possible loss of data
     1>Source\SceneBase.cpp(221): warning C4244: 'argument' : conversion from 'float' to 'int', possible loss of data
     1>Source\SceneBase.cpp(221): warning C4244: 'argument' : conversion from 'float' to 'int', possible loss of data
     1>Source\SceneBase.cpp(221): warning C4244: 'argument' : conversion from 'float' to 'int', possible loss of data
     1>Source\SceneBase.cpp(221): warning C4244: 'argument' : conversion from 'float' to 'int', possible loss of data
     1>Source\SceneBase.cpp(224): warning C4244: 'argument' : conversion from 'float' to 'int', possible loss of data
     1>Source\SceneBase.cpp(224): warning C4244: 'argument' : conversion from 'float' to 'int', possible loss of data
     1>Source\SceneBase.cpp(224): warning C4244: 'argument' : conversion from 'float' to 'int', possible loss of data
     1>Source\SceneBase.cpp(224): warning C4244: 'argument' : conversion from 'float' to 'int', possible loss of data
     1>Source\SceneBase.cpp(226): warning C4244: 'argument' : conversion from 'float' to 'int', possible loss of data
     1>Source\SceneBase.cpp(226): warning C4244: 'argument' : conversion from 'float' to 'int', possible loss of data
     1>Source\SceneBase.cpp(226): warning C4244: 'argument' : conversion from 'float' to 'int', possible loss of data
     1>Source\SceneBase.cpp(226): warning C4244: 'argument' : conversion from 'float' to 'int', possible loss of data
     1>Source\SceneBase.cpp(228): warning C4244: 'argument' : conversion from 'float' to 'int', possible loss of data
     1>Source\SceneBase.cpp(228): warning C4244: 'argument' : conversion from 'float' to 'int', possible loss of data
     1>Source\SceneBase.cpp(228): warning C4244: 'argument' : conversion from 'float' to 'int', possible loss of data
     1>Source\SceneBase.cpp(228): warning C4244: 'argument' : conversion from 'float' to 'int', possible loss of data
     1>Source\SceneBase.cpp(231): warning C4244: 'argument' : conversion from 'float' to 'int', possible loss of data
     1>Source\SceneBase.cpp(231): warning C4244: 'argument' : conversion from 'float' to 'int', possible loss of data
     1>Source\SceneBase.cpp(231): warning C4244: 'argument' : conversion from 'float' to 'int', possible loss of data
     1>Source\SceneBase.cpp(231): warning C4244: 'argument' : conversion from 'float' to 'int', possible loss of data
     1>Source\SceneBase.cpp(233): warning C4244: 'argument' : conversion from 'float' to 'int', possible loss of data
     1>Source\SceneBase.cpp(233): warning C4244: 'argument' : conversion from 'float' to 'int', possible loss of data
     1>Source\SceneBase.cpp(233): warning C4244: 'argument' : conversion from 'float' to 'int', possible loss of data
     1>Source\SceneBase.cpp(233): warning C4244: 'argument' : conversion from 'float' to 'int', possible loss of data
     1>Source\SceneBase.cpp(236): warning C4244: 'argument' : conversion from 'float' to 'int', possible loss of data
     1>Source\SceneBase.cpp(236): warning C4244: 'argument' : conversion from 'float' to 'int', possible loss of data
     1>Source\SceneBase.cpp(236): warning C4244: 'argument' : conversion from 'float' to 'int', possible loss of data
     1>Source\SceneBase.cpp(236): warning C4244: 'argument' : conversion from 'float' to 'int', possible loss of data
         SceneMain.cpp
     1>Source\SceneMain.cpp(38): warning C4018: '<' : signed/unsigned mismatch
     1>Source\SceneMain.cpp(48): warning C4018: '<' : signed/unsigned mismatch
     1>Source\SceneMain.cpp(92): warning C4244: 'argument' : conversion from 'int' to 'float', possible loss of data
     1>Source\SceneMain.cpp(92): warning C4244: 'argument' : conversion from 'float' to 'unsigned int', possible loss of data
     1>Source\SceneMain.cpp(93): warning C4244: 'argument' : conversion from 'int' to 'float', possible loss of data
     1>Source\SceneMain.cpp(93): warning C4244: 'argument' : conversion from 'float' to 'unsigned int', possible loss of data
     1>Source\SceneMain.cpp(122): warning C4244: 'argument' : conversion from 'int' to 'float', possible loss of data
     1>Source\SceneMain.cpp(122): warning C4244: 'argument' : conversion from 'int' to 'float', possible loss of data
     1>Source\SceneMain.cpp(126): warning C4244: 'argument' : conversion from 'int' to 'float', possible loss of data
     1>Source\SceneMain.cpp(126): warning C4244: 'argument' : conversion from 'int' to 'float', possible loss of data
     1>Source\SceneMain.cpp(130): warning C4244: 'argument' : conversion from 'int' to 'float', possible loss of data
     1>Source\SceneMain.cpp(130): warning C4244: 'argument' : conversion from 'int' to 'float', possible loss of data
     1>Source\SceneMain.cpp(134): warning C4244: 'argument' : conversion from 'int' to 'float', possible loss of data
     1>Source\SceneMain.cpp(134): warning C4244: 'argument' : conversion from 'int' to 'float', possible loss of data
     1>Source\SceneMain.cpp(138): warning C4244: '=' : conversion from 'int' to 'float', possible loss of data
     1>Source\SceneMain.cpp(139): warning C4244: '=' : conversion from 'int' to 'float', possible loss of data
     1>Source\SceneMain.cpp(147): warning C4018: '<' : signed/unsigned mismatch
     1>Source\SceneMain.cpp(152): warning C4244: 'argument' : conversion from 'float' to 'int', possible loss of data
     1>Source\SceneMain.cpp(153): warning C4244: 'argument' : conversion from 'float' to 'int', possible loss of data
     1>Source\SceneMain.cpp(156): warning C4244: 'argument' : conversion from 'float' to 'const int', possible loss of data
     1>Source\SceneMain.cpp(156): warning C4244: 'argument' : conversion from 'float' to 'const int', possible loss of data
     1>Source\SceneMain.cpp(165): warning C4018: '<' : signed/unsigned mismatch
     1>Source\SceneMain.cpp(169): warning C4244: 'argument' : conversion from 'float' to 'const int', possible loss of data
     1>Source\SceneMain.cpp(169): warning C4244: 'argument' : conversion from 'float' to 'const int', possible loss of data
     1>Source\SceneMain.cpp(170): warning C4244: 'argument' : conversion from 'float' to 'int', possible loss of data
     1>Source\SceneMain.cpp(170): warning C4244: 'argument' : conversion from 'float' to 'int', possible loss of data
     1>Source\SceneMain.cpp(170): warning C4244: 'argument' : conversion from 'float' to 'int', possible loss of data
     1>Source\SceneMain.cpp(170): warning C4244: 'argument' : conversion from 'float' to 'int', possible loss of data
     1>Source\SceneMain.cpp(177): warning C4018: '<' : signed/unsigned mismatch
     1>Source\SceneMain.cpp(181): warning C4244: 'argument' : conversion from 'float' to 'const int', possible loss of data
     1>Source\SceneMain.cpp(181): warning C4244: 'argument' : conversion from 'float' to 'const int', possible loss of data
     1>Source\SceneMain.cpp(182): warning C4244: 'argument' : conversion from 'float' to 'int', possible loss of data
     1>Source\SceneMain.cpp(182): warning C4244: 'argument' : conversion from 'float' to 'int', possible loss of data
     1>Source\SceneMain.cpp(182): warning C4244: 'argument' : conversion from 'float' to 'int', possible loss of data
     1>Source\SceneMain.cpp(182): warning C4244: 'argument' : conversion from 'float' to 'int', possible loss of data
     1>Source\SceneMain.cpp(205): warning C4244: 'argument' : conversion from 'double' to 'float', possible loss of data
     1>Source\SceneMain.cpp(205): warning C4244: 'argument' : conversion from 'int' to 'float', possible loss of data
     1>Source\SceneMain.cpp(209): warning C4244: 'argument' : conversion from 'double' to 'const float', possible loss of data
     1>Source\SceneMain.cpp(220): warning C4244: 'argument' : conversion from 'double' to 'float', possible loss of data
     1>Source\SceneMain.cpp(220): warning C4244: 'argument' : conversion from 'int' to 'float', possible loss of data
     1>Source\SceneMain.cpp(223): warning C4244: 'argument' : conversion from 'double' to 'const float', possible loss of data
     1>Source\SceneMain.cpp(233): warning C4244: 'argument' : conversion from 'double' to 'float', possible loss of data
     1>Source\SceneMain.cpp(233): warning C4244: 'argument' : conversion from 'int' to 'float', possible loss of data
     1>Source\SceneMain.cpp(236): warning C4800: 'CMap *' : forcing value to bool 'true' or 'false' (performance warning)
     1>Source\SceneMain.cpp(246): warning C4244: 'argument' : conversion from 'int' to 'float', possible loss of data
     1>Source\SceneMain.cpp(246): warning C4244: 'argument' : conversion from 'double' to 'float', possible loss of data
     1>Source\SceneMain.cpp(249): warning C4244: 'argument' : conversion from 'double' to 'const float', possible loss of data
     1>Source\SceneMain.cpp(259): warning C4244: 'argument' : conversion from 'int' to 'float', possible loss of data
     1>Source\SceneMain.cpp(259): warning C4244: 'argument' : conversion from 'double' to 'float', possible loss of data
     1>Source\SceneMain.cpp(262): warning C4244: 'argument' : conversion from 'double' to 'const float', possible loss of data
     1>Source\SceneMain.cpp(325): warning C4244: 'argument' : conversion from 'float' to 'int', possible loss of data
     1>Source\SceneMain.cpp(326): warning C4244: 'argument' : conversion from 'float' to 'int', possible loss of data
     1>Source\SceneMain.cpp(342): warning C4244: 'argument' : conversion from 'float' to 'int', possible loss of data
     1>Source\SceneMain.cpp(343): warning C4244: 'argument' : conversion from 'float' to 'int', possible loss of data
     1>Source\SceneMain.cpp(357): warning C4244: 'argument' : conversion from 'float' to 'int', possible loss of data
     1>Source\SceneMain.cpp(358): warning C4244: 'argument' : conversion from 'float' to 'int', possible loss of data
     1>Source\SceneMain.cpp(386): warning C4244: 'argument' : conversion from 'float' to 'int', possible loss of data
     1>Source\SceneMain.cpp(387): warning C4244: 'argument' : conversion from 'float' to 'int', possible loss of data
     1>Source\SceneMain.cpp(396): warning C4244: 'argument' : conversion from 'float' to 'int', possible loss of data
     1>Source\SceneMain.cpp(397): warning C4244: 'argument' : conversion from 'float' to 'int', possible loss of data
     1>Source\SceneMain.cpp(413): warning C4244: 'argument' : conversion from 'double' to 'float', possible loss of data
     1>Source\SceneMain.cpp(418): warning C4244: 'argument' : conversion from 'double' to 'float', possible loss of data
     1>Source\SceneMain.cpp(425): warning C4244: 'argument' : conversion from 'int' to 'float', possible loss of data
     1>Source\SceneMain.cpp(425): warning C4244: 'argument' : conversion from 'int' to 'float', possible loss of data
     1>Source\SceneMain.cpp(426): warning C4244: 'argument' : conversion from 'int' to 'float', possible loss of data
     1>Source\SceneMain.cpp(426): warning C4244: 'argument' : conversion from 'int' to 'float', possible loss of data
     1>Source\SceneMain.cpp(427): warning C4244: 'initializing' : conversion from 'int' to 'float', possible loss of data
     1>Source\SceneMain.cpp(439): warning C4244: 'argument' : conversion from 'float' to 'const int', possible loss of data
     1>Source\SceneMain.cpp(439): warning C4244: 'argument' : conversion from 'float' to 'const int', possible loss of data
     1>Source\SceneMain.cpp(445): warning C4244: '=' : conversion from 'int' to 'float', possible loss of data
     1>Source\SceneMain.cpp(446): warning C4244: '=' : conversion from 'int' to 'float', possible loss of data
     1>Source\SceneMain.cpp(452): warning C4244: 'argument' : conversion from 'double' to 'float', possible loss of data
     1>Source\SceneMain.cpp(453): warning C4244: 'argument' : conversion from 'int' to 'float', possible loss of data
     1>Source\SceneMain.cpp(453): warning C4244: 'argument' : conversion from 'int' to 'float', possible loss of data
     1>Source\SceneMain.cpp(455): warning C4244: 'argument' : conversion from 'float' to 'int', possible loss of data
     1>Source\SceneMain.cpp(456): warning C4244: 'argument' : conversion from 'float' to 'int', possible loss of data
     1>Source\SceneMain.cpp(479): warning C4244: 'argument' : conversion from 'double' to 'float', possible loss of data
     1>Source\SceneMain.cpp(491): warning C4244: 'argument' : conversion from 'float' to 'int', possible loss of data
     1>Source\SceneMain.cpp(492): warning C4244: 'argument' : conversion from 'float' to 'const int', possible loss of data
     1>Source\SceneMain.cpp(492): warning C4244: 'argument' : conversion from 'float' to 'const int', possible loss of data
     1>Source\SceneMain.cpp(496): warning C4244: 'argument' : conversion from 'float' to 'int', possible loss of data
     1>Source\SceneMain.cpp(497): warning C4244: 'argument' : conversion from 'float' to 'const int', possible loss of data
     1>Source\SceneMain.cpp(497): warning C4244: 'argument' : conversion from 'float' to 'const int', possible loss of data
     1>Source\SceneMain.cpp(513): warning C4244: 'argument' : conversion from 'float' to 'int', possible loss of data
     1>Source\SceneMain.cpp(514): warning C4244: 'argument' : conversion from 'float' to 'const int', possible loss of data
     1>Source\SceneMain.cpp(514): warning C4244: 'argument' : conversion from 'float' to 'const int', possible loss of data
     1>Source\SceneMain.cpp(518): warning C4244: 'argument' : conversion from 'float' to 'int', possible loss of data
     1>Source\SceneMain.cpp(519): warning C4244: 'argument' : conversion from 'float' to 'const int', possible loss of data
     1>Source\SceneMain.cpp(519): warning C4244: 'argument' : conversion from 'float' to 'const int', possible loss of data
     1>Source\SceneMain.cpp(539): warning C4244: 'argument' : conversion from 'int' to 'float', possible loss of data
     1>Source\SceneMain.cpp(539): warning C4244: 'argument' : conversion from 'int' to 'float', possible loss of data
     1>Source\SceneMain.cpp(539): warning C4244: 'argument' : conversion from 'int' to 'float', possible loss of data
     1>Source\SceneMain.cpp(539): warning C4244: 'argument' : conversion from 'int' to 'float', possible loss of data
     1>Source\SceneMain.cpp(572): warning C4244: 'argument' : conversion from 'double' to 'int', possible loss of data
     1>Source\SceneMain.cpp(584): warning C4244: 'argument' : conversion from 'float' to 'int', possible loss of data
     1>Source\SceneMain.cpp(585): warning C4244: 'argument' : conversion from 'float' to 'int', possible loss of data
     1>Source\SceneMain.cpp(664): warning C4305: 'argument' : truncation from 'double' to 'float'
     1>Source\SceneMain.cpp(664): warning C4305: 'argument' : truncation from 'double' to 'float'
     1>Source\SceneMain.cpp(664): warning C4305: 'argument' : truncation from 'double' to 'float'
     1>Source\SceneMain.cpp(669): warning C4305: 'argument' : truncation from 'double' to 'float'
     1>Source\SceneMain.cpp(669): warning C4305: 'argument' : truncation from 'double' to 'float'
     1>Source\SceneMain.cpp(669): warning C4305: 'argument' : truncation from 'double' to 'float'
     1>Source\SceneMain.cpp(680): warning C4244: 'argument' : conversion from 'int' to 'float', possible loss of data
     1>Source\SceneMain.cpp(700): warning C4305: 'argument' : truncation from 'double' to 'float'
     1>Source\SceneMain.cpp(700): warning C4305: 'argument' : truncation from 'double' to 'float'
     1>Source\SceneMain.cpp(700): warning C4305: 'argument' : truncation from 'double' to 'float'
     1>Source\SceneMain.cpp(733): warning C4244: 'argument' : conversion from 'int' to 'const float', possible loss of data
     1>Source\SceneMain.cpp(733): warning C4244: 'argument' : conversion from 'int' to 'const float', possible loss of data
     1>Source\SceneMain.cpp(735): warning C4244: 'argument' : conversion from 'int' to 'const float', possible loss of data
     1>Source\SceneMain.cpp(735): warning C4244: 'argument' : conversion from 'int' to 'const float', possible loss of data
     1>Source\SceneMain.cpp(737): warning C4244: 'argument' : conversion from 'int' to 'const float', possible loss of data
     1>Source\SceneMain.cpp(737): warning C4244: 'argument' : conversion from 'int' to 'const float', possible loss of data
     1>Source\SceneMain.cpp(751): warning C4244: 'argument' : conversion from 'int' to 'const float', possible loss of data
     1>Source\SceneMain.cpp(751): warning C4244: 'argument' : conversion from 'int' to 'const float', possible loss of data
     1>Source\SceneMain.cpp(755): warning C4244: 'argument' : conversion from 'int' to 'const float', possible loss of data
     1>Source\SceneMain.cpp(755): warning C4244: 'argument' : conversion from 'int' to 'const float', possible loss of data
     1>Source\SceneMain.cpp(762): warning C4244: 'argument' : conversion from 'int' to 'const float', possible loss of data
     1>Source\SceneMain.cpp(762): warning C4244: 'argument' : conversion from 'int' to 'const float', possible loss of data
     1>Source\SceneMain.cpp(768): warning C4244: 'argument' : conversion from 'int' to 'const float', possible loss of data
     1>Source\SceneMain.cpp(768): warning C4244: 'argument' : conversion from 'int' to 'const float', possible loss of data
     1>Source\SceneMain.cpp(775): warning C4244: 'argument' : conversion from 'int' to 'const float', possible loss of data
     1>Source\SceneMain.cpp(775): warning C4244: 'argument' : conversion from 'int' to 'const float', possible loss of data
     1>Source\SceneMain.cpp(780): warning C4244: 'argument' : conversion from 'int' to 'const float', possible loss of data
     1>Source\SceneMain.cpp(780): warning C4244: 'argument' : conversion from 'int' to 'const float', possible loss of data
     1>Source\SceneMain.cpp(799): warning C4244: 'argument' : conversion from 'int' to 'const float', possible loss of data
     1>Source\SceneMain.cpp(799): warning C4244: 'argument' : conversion from 'int' to 'const float', possible loss of data
     1>Source\SceneMain.cpp(801): warning C4244: 'argument' : conversion from 'int' to 'const float', possible loss of data
     1>Source\SceneMain.cpp(801): warning C4244: 'argument' : conversion from 'int' to 'const float', possible loss of data
     1>Source\SceneMain.cpp(803): warning C4244: 'argument' : conversion from 'int' to 'const float', possible loss of data
     1>Source\SceneMain.cpp(803): warning C4244: 'argument' : conversion from 'int' to 'const float', possible loss of data
     1>Source\SceneMain.cpp(805): warning C4244: 'argument' : conversion from 'int' to 'const float', possible loss of data
     1>Source\SceneMain.cpp(805): warning C4244: 'argument' : conversion from 'int' to 'const float', possible loss of data
     1>Source\SceneMain.cpp(807): warning C4244: 'argument' : conversion from 'int' to 'const float', possible loss of data
     1>Source\SceneMain.cpp(807): warning C4244: 'argument' : conversion from 'int' to 'const float', possible loss of data
     1>Source\SceneMain.cpp(809): warning C4244: 'argument' : conversion from 'int' to 'const float', possible loss of data
     1>Source\SceneMain.cpp(809): warning C4244: 'argument' : conversion from 'int' to 'const float', possible loss of data
     1>Source\SceneMain.cpp(811): warning C4244: 'argument' : conversion from 'int' to 'const float', possible loss of data
     1>Source\SceneMain.cpp(811): warning C4244: 'argument' : conversion from 'int' to 'const float', possible loss of data
     1>Source\SceneMain.cpp(813): warning C4244: 'argument' : conversion from 'int' to 'const float', possible loss of data
     1>Source\SceneMain.cpp(813): warning C4244: 'argument' : conversion from 'int' to 'const float', possible loss of data
     1>Source\SceneMain.cpp(820): warning C4244: 'argument' : conversion from 'int' to 'const float', possible loss of data
     1>Source\SceneMain.cpp(820): warning C4244: 'argument' : conversion from 'int' to 'const float', possible loss of data
     1>Source\SceneMain.cpp(822): warning C4244: 'argument' : conversion from 'int' to 'const float', possible loss of data
     1>Source\SceneMain.cpp(822): warning C4244: 'argument' : conversion from 'int' to 'const float', possible loss of data
     1>Source\SceneMain.cpp(824): warning C4244: 'argument' : conversion from 'int' to 'const float', possible loss of data
     1>Source\SceneMain.cpp(824): warning C4244: 'argument' : conversion from 'int' to 'const float', possible loss of data
     1>Source\SceneMain.cpp(826): warning C4244: 'argument' : conversion from 'int' to 'const float', possible loss of data
     1>Source\SceneMain.cpp(826): warning C4244: 'argument' : conversion from 'int' to 'const float', possible loss of data
     1>Source\SceneMain.cpp(828): warning C4244: 'argument' : conversion from 'int' to 'const float', possible loss of data
     1>Source\SceneMain.cpp(828): warning C4244: 'argument' : conversion from 'int' to 'const float', possible loss of data
     1>Source\SceneMain.cpp(830): warning C4244: 'argument' : conversion from 'int' to 'const float', possible loss of data
     1>Source\SceneMain.cpp(830): warning C4244: 'argument' : conversion from 'int' to 'const float', possible loss of data
     1>Source\SceneMain.cpp(832): warning C4244: 'argument' : conversion from 'int' to 'const float', possible loss of data
     1>Source\SceneMain.cpp(832): warning C4244: 'argument' : conversion from 'int' to 'const float', possible loss of data
     1>Source\SceneMain.cpp(834): warning C4244: 'argument' : conversion from 'int' to 'const float', possible loss of data
     1>Source\SceneMain.cpp(834): warning C4244: 'argument' : conversion from 'int' to 'const float', possible loss of data
     1>Source\SceneMain.cpp(874): warning C4244: 'argument' : conversion from 'int' to 'const float', possible loss of data
     1>Source\SceneMain.cpp(874): warning C4244: 'argument' : conversion from 'int' to 'const float', possible loss of data
     1>Source\SceneMain.cpp(894): warning C4244: 'argument' : conversion from 'int' to 'const float', possible loss of data
     1>Source\SceneMain.cpp(894): warning C4244: 'argument' : conversion from 'int' to 'const float', possible loss of data
         main.cpp
       Link:
         C:\Program Files (x86)\Microsoft Visual Studio 10.0\VC\bin\link.exe /ERRORREPORT:PROMPT /OUT:"C:\Users\User\Desktop\DM2231_Assignment2_140970T\Release\Base.exe" /INCREMENTAL:NO /NOLOGO /LIBPATH:C:\Users\User\Desktop\DM2231_Assignment2_140970T\Release /LIBPATH:"C:\Users\User\Desktop\DM2231_Assignment2_140970T\/glfw/lib-msvc100" /LIBPATH:C:\Users\User\Desktop\DM2231_Assignment2_140970T\/glew/lib Common.lib winmm.lib opengl32.lib glu32.lib glew32.lib glfw3.lib kernel32.lib user32.lib gdi32.lib winspool.lib comdlg32.lib advapi32.lib shell32.lib ole32.lib oleaut32.lib uuid.lib odbc32.lib odbccp32.lib /MANIFEST /ManifestFile:"Release\Base.exe.intermediate.manifest" /MANIFESTUAC:"level='asInvoker' uiAccess='false'" /DEBUG /PDB:"C:\Users\User\Desktop\DM2231_Assignment2_140970T\Release\Base.pdb" /SUBSYSTEM:CONSOLE /OPT:REF /OPT:ICF /LTCG /TLBID:1 /DYNAMICBASE /NXCOMPAT /IMPLIB:"C:\Users\User\Desktop\DM2231_Assignment2_140970T\Release\Base.lib" /MACHINE:X86 Release\Application.obj
         Release\Camera.obj
         Release\Camera2.obj
         Release\Camera3.obj
         Release\Enemy.obj
         Release\Goodies.obj
         Release\GoodiesFactory.obj
         Release\Health.obj
         Release\Level.obj
         Release\LoadOBJ.obj
         Release\LoadTGA.obj
         Release\main.obj
         Release\Map.obj
         Release\Mesh.obj
         Release\MeshBuilder.obj
         Release\Minimap.obj
         Release\PlayerInfo.obj
         Release\SceneBase.obj
         Release\SceneMain.obj
         Release\shader.obj
         Release\Strategy.obj
         Release\Strategy_Kill.obj
         Release\Strategy_Safe.obj
         Release\Coin.obj
         Release\Utility.obj
         Generating code
         Finished generating code
         Base.vcxproj -> C:\Users\User\Desktop\DM2231_Assignment2_140970T\Release\Base.exe
       Manifest:
         C:\Program Files (x86)\Microsoft SDKs\Windows\v7.0A\bin\mt.exe /nologo /verbose /outputresource:"C:\Users\User\Desktop\DM2231_Assignment2_140970T\Release\Base.exe;#1" /manifest Release\Base.exe.intermediate.manifest
       FinalizeBuildStatus:
         Deleting file "Release\Base.unsuccessfulbuild".
         Touching "Release\Base.lastbuildstate".
     1>Done Building Project "C:\Users\User\Desktop\DM2231_Assignment2_140970T\Base\Base.vcxproj" (build target(s)).

Build succeeded.

Time Elapsed 00:00:12.78
